<?xml version="1.0" encoding="UTF-8"?>
<testsuite xmlns:xsi="http://www.w3.org/2001/XMLSchema-instance" xsi:noNamespaceSchemaLocation="https://maven.apache.org/surefire/maven-surefire-plugin/xsd/surefire-test-report-3.0.xsd" version="3.0" name="com.example.VacantionPay.VacantionPayCalculatorApplicationTests" time="4.603" tests="6" errors="1" skipped="0" failures="3">
  <properties>
[...]
</properties>
  <testcase name="calculateWithDatesWithDateRepeated" classname="com.example.VacantionPay.VacantionPayCalculatorApplicationTests" time="1.334">
    <system-out><![CDATA[20:10:23.105 [main] INFO org.springframework.test.context.support.AnnotationConfigContextLoaderUtils -- Could not detect default configuration classes for test class [com.example.VacantionPay.VacantionPayCalculatorApplicationTests]: VacantionPayCalculatorApplicationTests does not declare any static, non-private, non-final, nested classes annotated with @Configuration.
20:10:23.280 [main] INFO org.springframework.boot.test.context.SpringBootTestContextBootstrapper -- Found @SpringBootConfiguration com.example.VacantionPay.VacantionPayApplication for test class com.example.VacantionPay.VacantionPayCalculatorApplicationTests

  .   ____          _            __ _ _
 /\\ / ___'_ __ _ _(_)_ __  __ _ \ \ \ \
( ( )\___ | '_ | '_| | '_ \/ _` | \ \ \ \
 \\/  ___)| |_)| | | | | || (_| |  ) ) ) )
  '  |____| .__|_| |_|_| |_\__, | / / / /
 =========|_|==============|___/=/_/_/_/

 :: Spring Boot ::                (v3.3.4)

2024-09-22T20:10:24.039+03:00  INFO 13352 --- [VacantionPay] [           main] V.VacantionPayCalculatorApplicationTests : Starting VacantionPayCalculatorApplicationTests using Java 22.0.2 with PID 13352 (started by nikdo in C:\Users\nikdo\eclipse-workspace\VacantionPay)
2024-09-22T20:10:24.042+03:00  INFO 13352 --- [VacantionPay] [           main] V.VacantionPayCalculatorApplicationTests : No active profile set, falling back to 1 default profile: "default"
2024-09-22T20:10:25.600+03:00  INFO 13352 --- [VacantionPay] [           main] o.s.b.a.w.s.WelcomePageHandlerMapping    : Adding welcome page: class path resource [static/index.html]
2024-09-22T20:10:25.990+03:00  INFO 13352 --- [VacantionPay] [           main] V.VacantionPayCalculatorApplicationTests : Started VacantionPayCalculatorApplicationTests in 2.49 seconds (process running for 4.373)
]]></system-out>
    <system-err><![CDATA[WARNING: A Java agent has been loaded dynamically (C:\Users\nikdo\.m2\repository\net\bytebuddy\byte-buddy-agent\1.14.19\byte-buddy-agent-1.14.19.jar)
WARNING: If a serviceability tool is in use, please run with -XX:+EnableDynamicAgentLoading to hide this warning
WARNING: If a serviceability tool is not in use, please run with -Djdk.instrument.traceUsage for more information
WARNING: Dynamic loading of agents will be disallowed by default in a future release
]]></system-err>
  </testcase>
  <testcase name="calculateWithoutDates" classname="com.example.VacantionPay.VacantionPayCalculatorApplicationTests" time="0.01">
    <error message="Cannot invoke &quot;java.lang.Integer.intValue()&quot; because the return value of &quot;com.example.VacantionPay.dto.VacationPayDTO.getTotalVacationPay()&quot; is null" type="java.lang.NullPointerException"><![CDATA[java.lang.NullPointerException: Cannot invoke "java.lang.Integer.intValue()" because the return value of "com.example.VacantionPay.dto.VacationPayDTO.getTotalVacationPay()" is null
	at com.example.VacantionPay.VacantionPayCalculatorApplicationTests.calculateWithoutDates(VacantionPayApplicationTests.java:28)
	at java.base/java.lang.reflect.Method.invoke(Method.java:580)
	at java.base/java.util.ArrayList.forEach(ArrayList.java:1597)
	at java.base/java.util.ArrayList.forEach(ArrayList.java:1597)
]]></error>
  </testcase>
  <testcase name="calculateWithDatesWithOnlyHolidaysAndWeekends" classname="com.example.VacantionPay.VacantionPayCalculatorApplicationTests" time="0.011">
    <failure message="expected: &lt;0&gt; but was: &lt;null&gt;" type="org.opentest4j.AssertionFailedError"><![CDATA[org.opentest4j.AssertionFailedError: expected: <0> but was: <null>
	at org.junit.jupiter.api.AssertionFailureBuilder.build(AssertionFailureBuilder.java:151)
	at org.junit.jupiter.api.AssertionFailureBuilder.buildAndThrow(AssertionFailureBuilder.java:132)
	at org.junit.jupiter.api.AssertEquals.failNotEqual(AssertEquals.java:197)
	at org.junit.jupiter.api.AssertEquals.assertEquals(AssertEquals.java:182)
	at org.junit.jupiter.api.AssertEquals.assertEquals(AssertEquals.java:177)
	at org.junit.jupiter.api.Assertions.assertEquals(Assertions.java:538)
	at com.example.VacantionPay.VacantionPayCalculatorApplicationTests.calculateWithDatesWithOnlyHolidaysAndWeekends(VacantionPayApplicationTests.java:73)
	at java.base/java.lang.reflect.Method.invoke(Method.java:580)
	at java.base/java.util.ArrayList.forEach(ArrayList.java:1597)
	at java.base/java.util.ArrayList.forEach(ArrayList.java:1597)
]]></failure>
  </testcase>
  <testcase name="calculateWithDatesWithIncorrectDayCount" classname="com.example.VacantionPay.VacantionPayCalculatorApplicationTests" time="0.004"/>
  <testcase name="calculateWithDatesWithoutHolidaysAndWeekends" classname="com.example.VacantionPay.VacantionPayCalculatorApplicationTests" time="0.005">
    <failure message="expected: &lt;3600&gt; but was: &lt;null&gt;" type="org.opentest4j.AssertionFailedError"><![CDATA[org.opentest4j.AssertionFailedError: expected: <3600> but was: <null>
	at org.junit.jupiter.api.AssertionFailureBuilder.build(AssertionFailureBuilder.java:151)
	at org.junit.jupiter.api.AssertionFailureBuilder.buildAndThrow(AssertionFailureBuilder.java:132)
	at org.junit.jupiter.api.AssertEquals.failNotEqual(AssertEquals.java:197)
	at org.junit.jupiter.api.AssertEquals.assertEquals(AssertEquals.java:182)
	at org.junit.jupiter.api.AssertEquals.assertEquals(AssertEquals.java:177)
	at org.junit.jupiter.api.Assertions.assertEquals(Assertions.java:538)
	at com.example.VacantionPay.VacantionPayCalculatorApplicationTests.calculateWithDatesWithoutHolidaysAndWeekends(VacantionPayApplicationTests.java:41)
	at java.base/java.lang.reflect.Method.invoke(Method.java:580)
	at java.base/java.util.ArrayList.forEach(ArrayList.java:1597)
	at java.base/java.util.ArrayList.forEach(ArrayList.java:1597)
]]></failure>
  </testcase>
  <testcase name="calculateWithDatesWithHolidaysAndWeekends" classname="com.example.VacantionPay.VacantionPayCalculatorApplicationTests" time="0.004">
    <failure message="expected: &lt;3600&gt; but was: &lt;null&gt;" type="org.opentest4j.AssertionFailedError"><![CDATA[org.opentest4j.AssertionFailedError: expected: <3600> but was: <null>
	at org.junit.jupiter.api.AssertionFailureBuilder.build(AssertionFailureBuilder.java:151)
	at org.junit.jupiter.api.AssertionFailureBuilder.buildAndThrow(AssertionFailureBuilder.java:132)
	at org.junit.jupiter.api.AssertEquals.failNotEqual(AssertEquals.java:197)
	at org.junit.jupiter.api.AssertEquals.assertEquals(AssertEquals.java:182)
	at org.junit.jupiter.api.AssertEquals.assertEquals(AssertEquals.java:177)
	at org.junit.jupiter.api.Assertions.assertEquals(Assertions.java:538)
	at com.example.VacantionPay.VacantionPayCalculatorApplicationTests.calculateWithDatesWithHolidaysAndWeekends(VacantionPayApplicationTests.java:57)
	at java.base/java.lang.reflect.Method.invoke(Method.java:580)
	at java.base/java.util.ArrayList.forEach(ArrayList.java:1597)
	at java.base/java.util.ArrayList.forEach(ArrayList.java:1597)
]]></failure>
  </testcase>
</testsuite>